<component name="libraryTable">
  <library name="junit-4.13.2">
    <CLASSES>
      <root url="jar://C:/Java_library/Testing Library-20241010/junit-4.13.2.jar!/" />
    </CLASSES>
    <JAVADOC />
    <SOURCES />
  </library>
</component>